Message
{"dateTime":"20210705171351","debitMSISDN":"01776364781","creditOrganizationName":"Khaidai Today-RM42848","creditShortCode":"01791865233","trxID":"8G52M3GI58","transactionStatus":"Completed","transactionType":"10002608","amount":"1.0","currency":"BDT"}
MessageId
fa6bf103-fde7-51bf-b19b-a85f16484e2d
Timestamp
2021-07-05T11:13:51.532Z
TopicArn
arn:aws:sns:ap-southeast-1:797962984373:bpt_01791865233
Type
Notification

Message
{"dateTime":"20210705173320","debitMSISDN":"01776364781","creditOrganizationName":"Khaidai Today-RM42848","creditShortCode":"01791865233","trxID":"8G57M40CAT","transactionStatus":"Completed","transactionType":"10002608","amount":"1.0","currency":"BDT"}
MessageId
581f4b55-86d8-5cec-b9b1-120976984417
Timestamp
2021-07-05T11:33:20.727Z
TopicArn
arn:aws:sns:ap-southeast-1:797962984373:bpt_01791865233
Type
Notification

Message
{"dateTime":"20210705174050","debitMSISDN":"01776364781","creditOrganizationName":"Khaidai Today-RM42848","creditShortCode":"01791865233","trxID":"8G50M495GE","transactionStatus":"Completed","transactionType":"10002608","amount":"1.0","currency":"BDT"}
MessageId
b071a23d-10f4-59c2-9f66-fb61e2f6853f
Timestamp
2021-07-05T11:40:50.961Z
TopicArn
arn:aws:sns:ap-southeast-1:797962984373:bpt_01791865233
Type
Notification

Message
{"dateTime":"20210705174857","debitMSISDN":"01776364781","creditOrganizationName":"Khaidai Today-RM42848","creditShortCode":"01791865233","trxID":"8G50M4J438","transactionStatus":"Completed","transactionType":"10002608","amount":"1.0","currency":"BDT"}
MessageId
a9764c76-789f-55e6-9cec-152a8b768ef0
Timestamp
2021-07-05T11:48:57.568Z
TopicArn
arn:aws:sns:ap-southeast-1:797962984373:bpt_01791865233
Type
Notification

Message
{"dateTime":"20210705181308","debitMSISDN":"01776364781","creditOrganizationName":"Khaidai Today-RM42848","creditShortCode":"01791865233","trxID":"8G57M5DDUT","transactionStatus":"Completed","transactionType":"10002608","amount":"1.0","currency":"BDT"}
MessageId
9e732414-52fb-5b3b-8694-7d48ab6f6e6c
Timestamp
2021-07-05T12:13:08.509Z
TopicArn
arn:aws:sns:ap-southeast-1:797962984373:bpt_01791865233
Type
Notification

Message
{"dateTime":"20210705181759","debitMSISDN":"01776364781","creditOrganizationName":"Khaidai Today-RM42848","creditShortCode":"01791865233","trxID":"8G53M5JH37","transactionStatus":"Completed","transactionType":"10002608","amount":"1.0","currency":"BDT"}
MessageId
b70944c9-278f-5536-a626-1d95dd38842d
Timestamp
2021-07-05T12:17:59.577Z
TopicArn
arn:aws:sns:ap-southeast-1:797962984373:bpt_01791865233
Type
Notification

Message
{"dateTime":"20210705182217","debitMSISDN":"01776364781","creditOrganizationName":"Khaidai Today-RM42848","creditShortCode":"01791865233","trxID":"8G56M5OX02","transactionStatus":"Completed","transactionType":"10002608","amount":"1.0","currency":"BDT"}
MessageId
08159164-d036-5a94-9dcc-c8382b8c5d80
Timestamp
2021-07-05T12:22:18.085Z
TopicArn
arn:aws:sns:ap-southeast-1:797962984373:bpt_01791865233
Type
Notification

Message
{"dateTime":"20210705182822","debitMSISDN":"01776364781","creditOrganizationName":"Khaidai Today-RM42848","creditShortCode":"01791865233","trxID":"8G57M5WOL3","transactionStatus":"Completed","transactionType":"10002608","amount":"1.0","currency":"BDT"}
MessageId
74312be1-3e80-5b56-b9b1-72bdc3a6afaf
Timestamp
2021-07-05T12:28:22.328Z
TopicArn
arn:aws:sns:ap-southeast-1:797962984373:bpt_01791865233
Type
Notification

Message
{"dateTime":"20210705184350","debitMSISDN":"01776364781","creditOrganizationName":"Khaidai Today-RM42848","creditShortCode":"01791865233","trxID":"8G58M6GIQ0","transactionStatus":"Completed","transactionType":"10002608","amount":"1.0","currency":"BDT"}
MessageId
f2b245a7-afd1-567a-b423-1cfaaf17170b
Timestamp
2021-07-05T12:43:50.672Z
TopicArn
arn:aws:sns:ap-southeast-1:797962984373:bpt_01791865233
Type
Notification

Message
{"dateTime":"20210705184620","debitMSISDN":"01776364781","creditOrganizationName":"Khaidai Today-RM42848","creditShortCode":"01791865233","trxID":"8G54M6JTEY","transactionStatus":"Completed","transactionType":"10002608","amount":"1.0","currency":"BDT"}
MessageId
92783f7c-ac2e-5330-be92-6621ad73be83
Timestamp
2021-07-05T12:46:21.212Z
TopicArn
arn:aws:sns:ap-southeast-1:797962984373:bpt_01791865233
Type
Notification

Message
{"dateTime":"20210705185353","debitMSISDN":"01776364781","creditOrganizationName":"Khaidai Today-RM42848","creditShortCode":"01791865233","trxID":"8G58M6TNO4","transactionStatus":"Completed","transactionType":"10002608","amount":"1.0","currency":"BDT"}
MessageId
209f0e5b-8ff2-5b1e-856d-57068cd399e4
Timestamp
2021-07-05T12:53:53.316Z
TopicArn
arn:aws:sns:ap-southeast-1:797962984373:bpt_01791865233
Type
Notification

Message
{"dateTime":"20210705191248","debitMSISDN":"01776364781","creditOrganizationName":"Khaidai Today-RM42848","creditShortCode":"01791865233","trxID":"8G51M7FOW1","transactionStatus":"Completed","transactionType":"10002608","amount":"1.0","currency":"BDT"}
MessageId
0db12350-4904-5529-8561-7a0d4e9459f4
Timestamp
2021-07-05T13:12:48.445Z
TopicArn
arn:aws:sns:ap-southeast-1:797962984373:bpt_01791865233
Type
Notification

Message
{"dateTime":"20210705191818","debitMSISDN":"01776364781","creditOrganizationName":"Khaidai Today-RM42848","creditShortCode":"01791865233","trxID":"8G50M7N4FO","transactionStatus":"Completed","transactionType":"10002608","amount":"1.0","currency":"BDT"}
MessageId
3efc8137-5ad0-591a-a5bd-d86a520adfee
Timestamp
2021-07-05T13:18:18.528Z
TopicArn
arn:aws:sns:ap-southeast-1:797962984373:bpt_01791865233
Type
Notification

Message
{"dateTime":"20210705192221","debitMSISDN":"01776364781","creditOrganizationName":"Khaidai Today-RM42848","creditShortCode":"01791865233","trxID":"8G57M7T81P","transactionStatus":"Completed","transactionType":"10002608","amount":"1.0","currency":"BDT"}
MessageId
9f2dde2a-b92f-5c5d-beb0-8777b0e25144
Timestamp
2021-07-05T13:22:21.592Z
TopicArn
arn:aws:sns:ap-southeast-1:797962984373:bpt_01791865233
Type
Notification

