Message
{"dateTime":"20210825022945","debitMSISDN":"01733433672","creditOrganizationName":"Khaidai Today-RM42848","creditShortCode":"01791865233","trxID":"8HP4RI5RTI","transactionStatus":"Completed","transactionType":"10002568","amount":"1.0","currency":"BDT"}
MessageId
0e245d8d-24b8-56d6-b8e0-04127c4157a7
Timestamp
2021-08-24T20:29:45.884Z
TopicArn
arn:aws:sns:ap-southeast-1:797962984373:bpt_01791865233
Type
Notification

Message
{"dateTime":"20210825023543","debitMSISDN":"01733433672","creditOrganizationName":"Khaidai Today-RM42848","creditShortCode":"01791865233","trxID":"8HP7RI6TON","transactionStatus":"Completed","transactionType":"10002568","amount":"1.0","currency":"BDT"}
MessageId
24f6bcfb-35ec-5654-bda7-e5646f8cbf99
Timestamp
2021-08-24T20:35:44.111Z
TopicArn
arn:aws:sns:ap-southeast-1:797962984373:bpt_01791865233
Type
Notification

