Message
{"dateTime":"20210706010156","debitMSISDN":"01776364781","creditOrganizationName":"Khaidai Today-RM42848","creditShortCode":"01791865233","trxID":"8G62MFU40G","transactionStatus":"Completed","transactionType":"10002608","amount":"1.0","currency":"BDT"}
MessageId
e7252bf7-dfef-5bf1-94f3-72aa868b8306
Timestamp
2021-07-05T19:01:56.676Z
TopicArn
arn:aws:sns:ap-southeast-1:797962984373:bpt_01791865233
Type
Notification

Message
{"dateTime":"20210706024622","debitMSISDN":"01776364781","creditOrganizationName":"Khaidai Today-RM42848","creditShortCode":"01791865233","trxID":"8G60MFYV7G","transactionStatus":"Completed","transactionType":"10002608","amount":"1.0","currency":"BDT"}
MessageId
20fb75f4-345e-5a6a-b08a-2ca945809b51
Timestamp
2021-07-05T20:46:22.283Z
TopicArn
arn:aws:sns:ap-southeast-1:797962984373:bpt_01791865233
Type
Notification

Message
{"dateTime":"20210706040102","debitMSISDN":"01776364781","creditOrganizationName":"Khaidai Today-RM42848","creditShortCode":"01791865233","trxID":"8G61MG1E2V","transactionStatus":"Completed","transactionType":"10002608","amount":"1.0","currency":"BDT"}
MessageId
0ba8771a-1555-5248-9bf5-2e47960bf0d6
Timestamp
2021-07-05T22:01:02.562Z
TopicArn
arn:aws:sns:ap-southeast-1:797962984373:bpt_01791865233
Type
Notification

Message
{"dateTime":"20210706042101","debitMSISDN":"01776364781","creditOrganizationName":"Khaidai Today-RM42848","creditShortCode":"01791865233","trxID":"8G65MG1Y5H","transactionStatus":"Completed","transactionType":"10002608","amount":"1.0","currency":"BDT"}
MessageId
883aa103-e81d-5779-af06-f85e60135ba0
Timestamp
2021-07-05T22:21:02.138Z
TopicArn
arn:aws:sns:ap-southeast-1:797962984373:bpt_01791865233
Type
Notification

Message
{"dateTime":"20210706042718","debitMSISDN":"01776364781","creditOrganizationName":"Khaidai Today-RM42848","creditShortCode":"01791865233","trxID":"8G60MG244M","transactionStatus":"Completed","transactionType":"10002608","amount":"1.0","currency":"BDT"}
MessageId
18c49376-9f86-5087-9c18-ca2b16003729
Timestamp
2021-07-05T22:27:18.593Z
TopicArn
arn:aws:sns:ap-southeast-1:797962984373:bpt_01791865233
Type
Notification

