Message
{"dateTime":"20210602144038","debitMSISDN":"01776364781","creditOrganizationName":"Khaidai Today-RM42848","creditShortCode":"01791865233","trxID":"8F28VJ0MRE","transactionStatus":"Completed","transactionType":"10002608","amount":"1.0","currency":"BDT"}
MessageId
bcc8744d-456e-53df-8c33-2d7c0328808f
Timestamp
2021-06-02T08:40:38.379Z
TopicArn
arn:aws:sns:ap-southeast-1:797962984373:bpt_01791865233
Type
Notification

Message
{"dateTime":"20210602145340","debitMSISDN":"01776364781","creditOrganizationName":"Khaidai Today-RM42848","creditShortCode":"01791865233","trxID":"8F27VJB20J","transactionStatus":"Completed","transactionType":"10002608","amount":"1.0","currency":"BDT"}
MessageId
c5fdc06c-51d2-59c0-a2a1-995d1886a11f
Timestamp
2021-06-02T08:53:40.878Z
TopicArn
arn:aws:sns:ap-southeast-1:797962984373:bpt_01791865233
Type
Notification

